<?xml version="1.0" encoding="UTF-8"?>
<!-- Generated by org.testng.reporters.JUnitReportReporter -->
<testsuite hostname="LAPTOP-ISGBKMN7" name="com.test.YahooTest" tests="1" failures="0" timestamp="27 Dec 2015 18:29:06 GMT" time="29.286" errors="0">
  <testcase name="testYahoo" time="29.286" classname="com.test.YahooTest"/>
</testsuite> <!-- com.test.YahooTest -->
