<?xml version="1.0" encoding="UTF-8"?>
<!-- Generated by org.testng.reporters.JUnitReportReporter -->
<testsuite hostname="LAPTOP-ISGBKMN7" name="com.test.GoogleTest" tests="1" failures="0" timestamp="27 Dec 2015 19:47:19 GMT" time="35.070" errors="0">
  <testcase name="testGoogle" time="35.070" classname="com.test.GoogleTest"/>
</testsuite> <!-- com.test.GoogleTest -->
