<?xml version="1.0" encoding="UTF-8"?>
<!-- Generated by org.testng.reporters.JUnitReportReporter -->
<testsuite hostname="LAPTOP-ISGBKMN7" name="com.test.YahooTest" tests="1" failures="0" timestamp="25 Dec 2015 02:18:21 GMT" time="18.971" errors="0">
  <testcase name="testYahoo" time="18.971" classname="com.test.YahooTest"/>
</testsuite> <!-- com.test.YahooTest -->
