<?xml version="1.0" encoding="UTF-8"?>
<!-- Generated by org.testng.reporters.JUnitReportReporter -->
<testsuite hostname="LAPTOP-ISGBKMN7" name="com.test.GoogleTest" tests="1" failures="0" timestamp="27 Dec 2015 18:29:07 GMT" time="56.830" errors="0">
  <testcase name="testGoogle" time="56.830" classname="com.test.GoogleTest"/>
</testsuite> <!-- com.test.GoogleTest -->
