<?xml version="1.0" encoding="UTF-8"?>
<!-- Generated by org.testng.reporters.JUnitReportReporter -->
<testsuite hostname="LAPTOP-ISGBKMN7" name="com.test.GoogleTest" tests="1" failures="0" timestamp="25 Dec 2015 02:18:21 GMT" time="18.553" errors="0">
  <testcase name="testGoogle" time="18.553" classname="com.test.GoogleTest"/>
</testsuite> <!-- com.test.GoogleTest -->
