<?xml version="1.0" encoding="UTF-8"?>
<!-- Generated by org.testng.reporters.JUnitReportReporter -->
<testsuite hostname="LAPTOP-ISGBKMN7" name="com.test.GoogleTest" tests="1" failures="0" timestamp="28 Dec 2015 18:31:26 GMT" time="34.277" errors="0">
  <testcase name="testGoogle" time="34.277" classname="com.test.GoogleTest"/>
</testsuite> <!-- com.test.GoogleTest -->
