<?xml version="1.0" encoding="UTF-8"?>
<!-- Generated by org.testng.reporters.JUnitReportReporter -->
<testsuite hostname="LAPTOP-ISGBKMN7" name="com.test.GoogleTest" tests="1" failures="0" timestamp="27 Dec 2015 20:12:24 GMT" time="43.865" errors="0">
  <testcase name="testGoogle" time="43.865" classname="com.test.GoogleTest"/>
</testsuite> <!-- com.test.GoogleTest -->
