<?xml version="1.0" encoding="UTF-8"?>
<!-- Generated by org.testng.reporters.JUnitReportReporter -->
<testsuite hostname="LAPTOP-ISGBKMN7" name="com.test.YahooTest" tests="1" failures="0" timestamp="28 Dec 2015 18:31:26 GMT" time="31.039" errors="0">
  <testcase name="testYahoo" time="31.039" classname="com.test.YahooTest"/>
</testsuite> <!-- com.test.YahooTest -->
